INFO Server started at 08:00AM
INFO Database connection established
INFO User admin logged in
WARNING Disk space at 85%
INFO Scheduled task initiated
ERROR Failed to load configuration file
INFO Configuration reloaded
INFO User john_doe logged in
ERROR Connection to backup server lost
WARNING High memory usage detected
INFO User jane_smith logged out
INFO Server ping successful
ERROR Timeout while contacting external API
INFO Server maintenance scheduled
INFO Cache cleared
WARNING Unusual login activity detected
INFO Daily report generated
ERROR File not found: /var/log/app.log
INFO System health check passed
INFO Email notification sent
ERROR Database write failure
INFO New user registered: user123
WARNING Application response time is slow
INFO Backup completed successfully
INFO Connection to mail server re-established
ERROR Unauthorized access attempt detected
INFO Configuration backup created
WARNING CPU temperature nearing limit
INFO Session expired for user mike88
INFO Restarting application
INFO Application restarted successfully
ERROR Log rotation failed
INFO User lucy99 changed password
WARNING Network latency is high
INFO Upload completed: report.pdf
INFO Download started: update.zip
ERROR Insufficient permissions to delete file
INFO Update.zip downloaded
INFO Antivirus scan completed
WARNING Low virtual memory
INFO Log cleanup finished
INFO Reconnected to analytics server
ERROR NullPointerException in UserService
INFO New connection from IP 192.168.1.10
WARNING Failed login attempt from IP 192.168.1.15
INFO Security scan started
INFO Security scan completed
ERROR Unable to resolve DNS
INFO Server shutdown initiated
INFO Server shutdown completed
